2019-08-15 21:48:56.400758: I tensorflow/stream_executor/platform/default/dso_loader.cc:42] Successfully opened dynamic library libcuda.so.1
2019-08-15 21:48:56.408260: I tensorflow/stream_executor/platform/default/dso_loader.cc:42] Successfully opened dynamic library libcuda.so.1
2019-08-15 21:48:56.413660: I tensorflow/stream_executor/platform/default/dso_loader.cc:42] Successfully opened dynamic library libcuda.so.1
2019-08-15 21:48:56.417845: I tensorflow/stream_executor/platform/default/dso_loader.cc:42] Successfully opened dynamic library libcuda.so.1
2019-08-15 21:48:56.426919: I tensorflow/stream_executor/platform/default/dso_loader.cc:42] Successfully opened dynamic library libcuda.so.1
2019-08-15 21:48:56.434944: I tensorflow/core/common_runtime/gpu/gpu_device.cc:1640] Found device 0 with properties: 
name: TITAN X (Pascal) major: 6 minor: 1 memoryClockRate(GHz): 1.531
pciBusID: 0000:41:00.0
2019-08-15 21:48:56.438061: I tensorflow/stream_executor/platform/default/dso_loader.cc:42] Successfully opened dynamic library libcudart.so.10.0
2019-08-15 21:48:56.442132: I tensorflow/stream_executor/platform/default/dso_loader.cc:42] Successfully opened dynamic library libcublas.so.10.0
2019-08-15 21:48:56.445317: I tensorflow/core/common_runtime/gpu/gpu_device.cc:1640] Found device 0 with properties: 
name: TITAN X (Pascal) major: 6 minor: 1 memoryClockRate(GHz): 1.531
pciBusID: 0000:41:00.0
2019-08-15 21:48:56.445780: I tensorflow/stream_executor/platform/default/dso_loader.cc:42] Successfully opened dynamic library libcufft.so.10.0
2019-08-15 21:48:56.446561: I tensorflow/core/common_runtime/gpu/gpu_device.cc:1640] Found device 0 with properties: 
name: TITAN X (Pascal) major: 6 minor: 1 memoryClockRate(GHz): 1.531
pciBusID: 0000:41:00.0
2019-08-15 21:48:56.447822: I tensorflow/stream_executor/platform/default/dso_loader.cc:42] Successfully opened dynamic library libcurand.so.10.0
2019-08-15 21:48:56.449249: I tensorflow/core/common_runtime/gpu/gpu_device.cc:1640] Found device 0 with properties: 
name: TITAN X (Pascal) major: 6 minor: 1 memoryClockRate(GHz): 1.531
pciBusID: 0000:41:00.0
2019-08-15 21:48:56.449457: I tensorflow/core/common_runtime/gpu/gpu_device.cc:1640] Found device 0 with properties: 
name: TITAN X (Pascal) major: 6 minor: 1 memoryClockRate(GHz): 1.531
pciBusID: 0000:41:00.0
2019-08-15 21:48:56.449792: I tensorflow/stream_executor/platform/default/dso_loader.cc:42] Successfully opened dynamic library libcudart.so.10.0
2019-08-15 21:48:56.450210: I tensorflow/stream_executor/platform/default/dso_loader.cc:42] Successfully opened dynamic library libcudart.so.10.0
2019-08-15 21:48:56.452213: I tensorflow/stream_executor/platform/default/dso_loader.cc:42] Successfully opened dynamic library libcusolver.so.10.0
2019-08-15 21:48:56.454094: I tensorflow/stream_executor/platform/default/dso_loader.cc:42] Successfully opened dynamic library libcudart.so.10.0
2019-08-15 21:48:56.454371: I tensorflow/stream_executor/platform/default/dso_loader.cc:42] Successfully opened dynamic library libcudart.so.10.0
2019-08-15 21:48:56.455564: I tensorflow/stream_executor/platform/default/dso_loader.cc:42] Successfully opened dynamic library libcublas.so.10.0
2019-08-15 21:48:56.455587: I tensorflow/stream_executor/platform/default/dso_loader.cc:42] Successfully opened dynamic library libcublas.so.10.0
2019-08-15 21:48:56.456198: I tensorflow/stream_executor/platform/default/dso_loader.cc:42] Successfully opened dynamic library libcusparse.so.10.0
2019-08-15 21:48:56.459879: I tensorflow/stream_executor/platform/default/dso_loader.cc:42] Successfully opened dynamic library libcublas.so.10.0
2019-08-15 21:48:56.460182: I tensorflow/stream_executor/platform/default/dso_loader.cc:42] Successfully opened dynamic library libcufft.so.10.0
2019-08-15 21:48:56.460213: I tensorflow/stream_executor/platform/default/dso_loader.cc:42] Successfully opened dynamic library libcufft.so.10.0
2019-08-15 21:48:56.460382: I tensorflow/stream_executor/platform/default/dso_loader.cc:42] Successfully opened dynamic library libcublas.so.10.0
2019-08-15 21:48:56.462579: I tensorflow/stream_executor/platform/default/dso_loader.cc:42] Successfully opened dynamic library libcurand.so.10.0
2019-08-15 21:48:56.462705: I tensorflow/stream_executor/platform/default/dso_loader.cc:42] Successfully opened dynamic library libcurand.so.10.0
2019-08-15 21:48:56.463248: I tensorflow/stream_executor/platform/default/dso_loader.cc:42] Successfully opened dynamic library libcudnn.so.7
2019-08-15 21:48:56.464231: I tensorflow/stream_executor/platform/default/dso_loader.cc:42] Successfully opened dynamic library libcufft.so.10.0
2019-08-15 21:48:56.464612: I tensorflow/core/common_runtime/gpu/gpu_device.cc:1763] Adding visible gpu devices: 0
2019-08-15 21:48:56.464908: I tensorflow/stream_executor/platform/default/dso_loader.cc:42] Successfully opened dynamic library libcufft.so.10.0
2019-08-15 21:48:56.466398: I tensorflow/stream_executor/platform/default/dso_loader.cc:42] Successfully opened dynamic library libcurand.so.10.0
2019-08-15 21:48:56.466991: I tensorflow/stream_executor/platform/default/dso_loader.cc:42] Successfully opened dynamic library libcusolver.so.10.0
2019-08-15 21:48:56.467251: I tensorflow/stream_executor/platform/default/dso_loader.cc:42] Successfully opened dynamic library libcurand.so.10.0
2019-08-15 21:48:56.467586: I tensorflow/stream_executor/platform/default/dso_loader.cc:42] Successfully opened dynamic library libcusolver.so.10.0
2019-08-15 21:48:56.470727: I tensorflow/stream_executor/platform/default/dso_loader.cc:42] Successfully opened dynamic library libcusolver.so.10.0
2019-08-15 21:48:56.470739: I tensorflow/stream_executor/platform/default/dso_loader.cc:42] Successfully opened dynamic library libcusparse.so.10.0
2019-08-15 21:48:56.471891: I tensorflow/stream_executor/platform/default/dso_loader.cc:42] Successfully opened dynamic library libcusolver.so.10.0
2019-08-15 21:48:56.472051: I tensorflow/stream_executor/platform/default/dso_loader.cc:42] Successfully opened dynamic library libcusparse.so.10.0
2019-08-15 21:48:56.474711: I tensorflow/stream_executor/platform/default/dso_loader.cc:42] Successfully opened dynamic library libcusparse.so.10.0
2019-08-15 21:48:56.476349: I tensorflow/stream_executor/platform/default/dso_loader.cc:42] Successfully opened dynamic library libcusparse.so.10.0
2019-08-15 21:48:56.478790: I tensorflow/stream_executor/platform/default/dso_loader.cc:42] Successfully opened dynamic library libcudnn.so.7
2019-08-15 21:48:56.480184: I tensorflow/core/common_runtime/gpu/gpu_device.cc:1763] Adding visible gpu devices: 0
2019-08-15 21:48:56.481288: I tensorflow/stream_executor/platform/default/dso_loader.cc:42] Successfully opened dynamic library libcudnn.so.7
2019-08-15 21:48:56.482604: I tensorflow/core/common_runtime/gpu/gpu_device.cc:1763] Adding visible gpu devices: 0
2019-08-15 21:48:56.483123: I tensorflow/stream_executor/platform/default/dso_loader.cc:42] Successfully opened dynamic library libcudnn.so.7
2019-08-15 21:48:56.484510: I tensorflow/core/common_runtime/gpu/gpu_device.cc:1763] Adding visible gpu devices: 0
2019-08-15 21:48:56.485933: I tensorflow/stream_executor/platform/default/dso_loader.cc:42] Successfully opened dynamic library libcudnn.so.7
2019-08-15 21:48:56.487462: I tensorflow/core/common_runtime/gpu/gpu_device.cc:1763] Adding visible gpu devices: 0
2019-08-15 21:48:56.495252: I tensorflow/core/platform/cpu_feature_guard.cc:142] Your CPU supports instructions that this TensorFlow binary was not compiled to use: AVX2 FMA
2019-08-15 21:48:56.498678: I tensorflow/core/platform/cpu_feature_guard.cc:142] Your CPU supports instructions that this TensorFlow binary was not compiled to use: AVX2 FMA
2019-08-15 21:48:56.513494: I tensorflow/core/platform/cpu_feature_guard.cc:142] Your CPU supports instructions that this TensorFlow binary was not compiled to use: AVX2 FMA
2019-08-15 21:48:56.514385: I tensorflow/core/platform/cpu_feature_guard.cc:142] Your CPU supports instructions that this TensorFlow binary was not compiled to use: AVX2 FMA
2019-08-15 21:48:56.520864: I tensorflow/core/platform/cpu_feature_guard.cc:142] Your CPU supports instructions that this TensorFlow binary was not compiled to use: AVX2 FMA
2019-08-15 21:48:56.813333: I tensorflow/compiler/xla/service/service.cc:168] XLA service 0x7f05144ad910 executing computations on platform CUDA. Devices:
2019-08-15 21:48:56.813474: I tensorflow/compiler/xla/service/service.cc:175]   StreamExecutor device (0): TITAN X (Pascal), Compute Capability 6.1
2019-08-15 21:48:56.822589: I tensorflow/compiler/xla/service/service.cc:168] XLA service 0x7f051420eb00 executing computations on platform CUDA. Devices:
2019-08-15 21:48:56.822638: I tensorflow/compiler/xla/service/service.cc:175]   StreamExecutor device (0): TITAN X (Pascal), Compute Capability 6.1
2019-08-15 21:48:56.825998: I tensorflow/core/platform/profile_utils/cpu_utils.cc:94] CPU Frequency: 3492950000 Hz
2019-08-15 21:48:56.827660: I tensorflow/compiler/xla/service/service.cc:168] XLA service 0x7f05142e5490 executing computations on platform Host. Devices:
2019-08-15 21:48:56.827705: I tensorflow/compiler/xla/service/service.cc:175]   StreamExecutor device (0): <undefined>, <undefined>
2019-08-15 21:48:56.831156: I tensorflow/core/common_runtime/gpu/gpu_device.cc:1640] Found device 0 with properties: 
name: TITAN X (Pascal) major: 6 minor: 1 memoryClockRate(GHz): 1.531
pciBusID: 0000:41:00.0
2019-08-15 21:48:56.831284: I tensorflow/stream_executor/platform/default/dso_loader.cc:42] Successfully opened dynamic library libcudart.so.10.0
2019-08-15 21:48:56.831309: I tensorflow/stream_executor/platform/default/dso_loader.cc:42] Successfully opened dynamic library libcublas.so.10.0
2019-08-15 21:48:56.831327: I tensorflow/stream_executor/platform/default/dso_loader.cc:42] Successfully opened dynamic library libcufft.so.10.0
2019-08-15 21:48:56.831347: I tensorflow/stream_executor/platform/default/dso_loader.cc:42] Successfully opened dynamic library libcurand.so.10.0
2019-08-15 21:48:56.831364: I tensorflow/stream_executor/platform/default/dso_loader.cc:42] Successfully opened dynamic library libcusolver.so.10.0
2019-08-15 21:48:56.831381: I tensorflow/stream_executor/platform/default/dso_loader.cc:42] Successfully opened dynamic library libcusparse.so.10.0
2019-08-15 21:48:56.831401: I tensorflow/stream_executor/platform/default/dso_loader.cc:42] Successfully opened dynamic library libcudnn.so.7
2019-08-15 21:48:56.833343: I tensorflow/core/common_runtime/gpu/gpu_device.cc:1763] Adding visible gpu devices: 0
2019-08-15 21:48:56.833530: I tensorflow/stream_executor/platform/default/dso_loader.cc:42] Successfully opened dynamic library libcudart.so.10.0
2019-08-15 21:48:56.835442: I tensorflow/core/common_runtime/gpu/gpu_device.cc:1181] Device interconnect StreamExecutor with strength 1 edge matrix:
2019-08-15 21:48:56.835466: I tensorflow/core/common_runtime/gpu/gpu_device.cc:1187]      0 
2019-08-15 21:48:56.835475: I tensorflow/core/common_runtime/gpu/gpu_device.cc:1200] 0:   N 
2019-08-15 21:48:56.838259: I tensorflow/core/common_runtime/gpu/gpu_device.cc:1326] Created TensorFlow device (/job:localhost/replica:0/task:0/device:GPU:0 with 10435 MB memory) -> physical GPU (device: 0, name: TITAN X (Pascal), pci bus id: 0000:41:00.0, compute capability: 6.1)
2019-08-15 21:48:56.840223: I tensorflow/compiler/xla/service/service.cc:168] XLA service 0x7f05144ad880 executing computations on platform CUDA. Devices:
2019-08-15 21:48:56.840285: I tensorflow/compiler/xla/service/service.cc:175]   StreamExecutor device (0): TITAN X (Pascal), Compute Capability 6.1
2019-08-15 21:48:56.840286: I tensorflow/core/platform/profile_utils/cpu_utils.cc:94] CPU Frequency: 3492950000 Hz
2019-08-15 21:48:56.841981: I tensorflow/compiler/xla/service/service.cc:168] XLA service 0x7f0514589a90 executing computations on platform Host. Devices:
2019-08-15 21:48:56.842012: I tensorflow/compiler/xla/service/service.cc:175]   StreamExecutor device (0): <undefined>, <undefined>
2019-08-15 21:48:56.842964: I tensorflow/core/common_runtime/gpu/gpu_device.cc:1640] Found device 0 with properties: 
name: TITAN X (Pascal) major: 6 minor: 1 memoryClockRate(GHz): 1.531
pciBusID: 0000:41:00.0
2019-08-15 21:48:56.843088: I tensorflow/stream_executor/platform/default/dso_loader.cc:42] Successfully opened dynamic library libcudart.so.10.0
2019-08-15 21:48:56.843106: I tensorflow/stream_executor/platform/default/dso_loader.cc:42] Successfully opened dynamic library libcublas.so.10.0
2019-08-15 21:48:56.843115: I tensorflow/stream_executor/platform/default/dso_loader.cc:42] Successfully opened dynamic library libcufft.so.10.0
2019-08-15 21:48:56.843128: I tensorflow/stream_executor/platform/default/dso_loader.cc:42] Successfully opened dynamic library libcurand.so.10.0
2019-08-15 21:48:56.843138: I tensorflow/stream_executor/platform/default/dso_loader.cc:42] Successfully opened dynamic library libcusolver.so.10.0
2019-08-15 21:48:56.843150: I tensorflow/stream_executor/platform/default/dso_loader.cc:42] Successfully opened dynamic library libcusparse.so.10.0
2019-08-15 21:48:56.843163: I tensorflow/stream_executor/platform/default/dso_loader.cc:42] Successfully opened dynamic library libcudnn.so.7
2019-08-15 21:48:56.844648: I tensorflow/core/common_runtime/gpu/gpu_device.cc:1763] Adding visible gpu devices: 0
2019-08-15 21:48:56.844743: I tensorflow/stream_executor/platform/default/dso_loader.cc:42] Successfully opened dynamic library libcudart.so.10.0
2019-08-15 21:48:56.846100: I tensorflow/core/common_runtime/gpu/gpu_device.cc:1181] Device interconnect StreamExecutor with strength 1 edge matrix:
2019-08-15 21:48:56.846132: I tensorflow/core/common_runtime/gpu/gpu_device.cc:1187]      0 
2019-08-15 21:48:56.846143: I tensorflow/core/common_runtime/gpu/gpu_device.cc:1200] 0:   N 
2019-08-15 21:48:56.847010: I tensorflow/core/platform/profile_utils/cpu_utils.cc:94] CPU Frequency: 3492950000 Hz
2019-08-15 21:48:56.848161: I tensorflow/core/common_runtime/gpu/gpu_device.cc:1326] Created TensorFlow device (/job:localhost/replica:0/task:0/device:GPU:0 with 10325 MB memory) -> physical GPU (device: 0, name: TITAN X (Pascal), pci bus id: 0000:41:00.0, compute capability: 6.1)
2019-08-15 21:48:56.848390: I tensorflow/compiler/xla/service/service.cc:168] XLA service 0x7f051458a050 executing computations on platform Host. Devices:
2019-08-15 21:48:56.848412: I tensorflow/compiler/xla/service/service.cc:175]   StreamExecutor device (0): <undefined>, <undefined>
2019-08-15 21:48:56.850177: I tensorflow/core/common_runtime/gpu/gpu_device.cc:1640] Found device 0 with properties: 
name: TITAN X (Pascal) major: 6 minor: 1 memoryClockRate(GHz): 1.531
pciBusID: 0000:41:00.0
2019-08-15 21:48:56.850236: I tensorflow/stream_executor/platform/default/dso_loader.cc:42] Successfully opened dynamic library libcudart.so.10.0
2019-08-15 21:48:56.850248: I tensorflow/stream_executor/platform/default/dso_loader.cc:42] Successfully opened dynamic library libcublas.so.10.0
2019-08-15 21:48:56.850258: I tensorflow/stream_executor/platform/default/dso_loader.cc:42] Successfully opened dynamic library libcufft.so.10.0
2019-08-15 21:48:56.850267: I tensorflow/stream_executor/platform/default/dso_loader.cc:42] Successfully opened dynamic library libcurand.so.10.0
2019-08-15 21:48:56.850277: I tensorflow/stream_executor/platform/default/dso_loader.cc:42] Successfully opened dynamic library libcusolver.so.10.0
2019-08-15 21:48:56.850286: I tensorflow/stream_executor/platform/default/dso_loader.cc:42] Successfully opened dynamic library libcusparse.so.10.0
2019-08-15 21:48:56.850296: I tensorflow/stream_executor/platform/default/dso_loader.cc:42] Successfully opened dynamic library libcudnn.so.7
2019-08-15 21:48:56.852154: I tensorflow/core/common_runtime/gpu/gpu_device.cc:1763] Adding visible gpu devices: 0
2019-08-15 21:48:56.852223: I tensorflow/stream_executor/platform/default/dso_loader.cc:42] Successfully opened dynamic library libcudart.so.10.0
2019-08-15 21:48:56.853029: I tensorflow/compiler/xla/service/service.cc:168] XLA service 0x7f05144ad8d0 executing computations on platform CUDA. Devices:
2019-08-15 21:48:56.853102: I tensorflow/compiler/xla/service/service.cc:175]   StreamExecutor device (0): TITAN X (Pascal), Compute Capability 6.1
2019-08-15 21:48:56.854371: I tensorflow/core/common_runtime/gpu/gpu_device.cc:1181] Device interconnect StreamExecutor with strength 1 edge matrix:
2019-08-15 21:48:56.854394: I tensorflow/core/common_runtime/gpu/gpu_device.cc:1187]      0 
2019-08-15 21:48:56.854402: I tensorflow/core/common_runtime/gpu/gpu_device.cc:1200] 0:   N 
2019-08-15 21:48:56.856756: I tensorflow/core/common_runtime/gpu/gpu_device.cc:1326] Created TensorFlow device (/job:localhost/replica:0/task:0/device:GPU:0 with 10105 MB memory) -> physical GPU (device: 0, name: TITAN X (Pascal), pci bus id: 0000:41:00.0, compute capability: 6.1)
2019-08-15 21:48:56.856879: I tensorflow/compiler/xla/service/service.cc:168] XLA service 0x7f05144ad340 executing computations on platform CUDA. Devices:
2019-08-15 21:48:56.856939: I tensorflow/compiler/xla/service/service.cc:175]   StreamExecutor device (0): TITAN X (Pascal), Compute Capability 6.1
2019-08-15 21:48:56.857863: I tensorflow/core/platform/profile_utils/cpu_utils.cc:94] CPU Frequency: 3492950000 Hz
2019-08-15 21:48:56.859311: I tensorflow/compiler/xla/service/service.cc:168] XLA service 0x7f0514589a60 executing computations on platform Host. Devices:
2019-08-15 21:48:56.859341: I tensorflow/compiler/xla/service/service.cc:175]   StreamExecutor device (0): <undefined>, <undefined>
2019-08-15 21:48:56.860449: I tensorflow/core/common_runtime/gpu/gpu_device.cc:1640] Found device 0 with properties: 
name: TITAN X (Pascal) major: 6 minor: 1 memoryClockRate(GHz): 1.531
pciBusID: 0000:41:00.0
2019-08-15 21:48:56.860516: I tensorflow/stream_executor/platform/default/dso_loader.cc:42] Successfully opened dynamic library libcudart.so.10.0
2019-08-15 21:48:56.860532: I tensorflow/stream_executor/platform/default/dso_loader.cc:42] Successfully opened dynamic library libcublas.so.10.0
2019-08-15 21:48:56.860545: I tensorflow/stream_executor/platform/default/dso_loader.cc:42] Successfully opened dynamic library libcufft.so.10.0
2019-08-15 21:48:56.860559: I tensorflow/stream_executor/platform/default/dso_loader.cc:42] Successfully opened dynamic library libcurand.so.10.0
2019-08-15 21:48:56.860572: I tensorflow/stream_executor/platform/default/dso_loader.cc:42] Successfully opened dynamic library libcusolver.so.10.0
2019-08-15 21:48:56.860585: I tensorflow/stream_executor/platform/default/dso_loader.cc:42] Successfully opened dynamic library libcusparse.so.10.0
2019-08-15 21:48:56.860599: I tensorflow/stream_executor/platform/default/dso_loader.cc:42] Successfully opened dynamic library libcudnn.so.7
2019-08-15 21:48:56.862322: I tensorflow/core/platform/profile_utils/cpu_utils.cc:94] CPU Frequency: 3492950000 Hz
2019-08-15 21:48:56.862545: I tensorflow/core/common_runtime/gpu/gpu_device.cc:1763] Adding visible gpu devices: 0
2019-08-15 21:48:56.862627: I tensorflow/stream_executor/platform/default/dso_loader.cc:42] Successfully opened dynamic library libcudart.so.10.0
2019-08-15 21:48:56.863764: I tensorflow/compiler/xla/service/service.cc:168] XLA service 0x7f0514589620 executing computations on platform Host. Devices:
2019-08-15 21:48:56.863817: I tensorflow/compiler/xla/service/service.cc:175]   StreamExecutor device (0): <undefined>, <undefined>
2019-08-15 21:48:56.864749: I tensorflow/core/common_runtime/gpu/gpu_device.cc:1181] Device interconnect StreamExecutor with strength 1 edge matrix:
2019-08-15 21:48:56.864781: I tensorflow/core/common_runtime/gpu/gpu_device.cc:1187]      0 
2019-08-15 21:48:56.864795: I tensorflow/core/common_runtime/gpu/gpu_device.cc:1200] 0:   N 
2019-08-15 21:48:56.865646: I tensorflow/core/common_runtime/gpu/gpu_device.cc:1640] Found device 0 with properties: 
name: TITAN X (Pascal) major: 6 minor: 1 memoryClockRate(GHz): 1.531
pciBusID: 0000:41:00.0
2019-08-15 21:48:56.865721: I tensorflow/stream_executor/platform/default/dso_loader.cc:42] Successfully opened dynamic library libcudart.so.10.0
2019-08-15 21:48:56.865744: I tensorflow/stream_executor/platform/default/dso_loader.cc:42] Successfully opened dynamic library libcublas.so.10.0
2019-08-15 21:48:56.865776: I tensorflow/stream_executor/platform/default/dso_loader.cc:42] Successfully opened dynamic library libcufft.so.10.0
2019-08-15 21:48:56.865795: I tensorflow/stream_executor/platform/default/dso_loader.cc:42] Successfully opened dynamic library libcurand.so.10.0
2019-08-15 21:48:56.865813: I tensorflow/stream_executor/platform/default/dso_loader.cc:42] Successfully opened dynamic library libcusolver.so.10.0
2019-08-15 21:48:56.865830: I tensorflow/stream_executor/platform/default/dso_loader.cc:42] Successfully opened dynamic library libcusparse.so.10.0
2019-08-15 21:48:56.865848: I tensorflow/stream_executor/platform/default/dso_loader.cc:42] Successfully opened dynamic library libcudnn.so.7
2019-08-15 21:48:56.868479: I tensorflow/core/common_runtime/gpu/gpu_device.cc:1326] Created TensorFlow device (/job:localhost/replica:0/task:0/device:GPU:0 with 10105 MB memory) -> physical GPU (device: 0, name: TITAN X (Pascal), pci bus id: 0000:41:00.0, compute capability: 6.1)
2019-08-15 21:48:56.868744: I tensorflow/core/common_runtime/gpu/gpu_device.cc:1763] Adding visible gpu devices: 0
2019-08-15 21:48:56.868853: I tensorflow/stream_executor/platform/default/dso_loader.cc:42] Successfully opened dynamic library libcudart.so.10.0
2019-08-15 21:48:56.870540: I tensorflow/core/common_runtime/gpu/gpu_device.cc:1181] Device interconnect StreamExecutor with strength 1 edge matrix:
2019-08-15 21:48:56.870582: I tensorflow/core/common_runtime/gpu/gpu_device.cc:1187]      0 
2019-08-15 21:48:56.870590: I tensorflow/core/common_runtime/gpu/gpu_device.cc:1200] 0:   N 
2019-08-15 21:48:56.874030: I tensorflow/core/common_runtime/gpu/gpu_device.cc:1326] Created TensorFlow device (/job:localhost/replica:0/task:0/device:GPU:0 with 10105 MB memory) -> physical GPU (device: 0, name: TITAN X (Pascal), pci bus id: 0000:41:00.0, compute capability: 6.1)
2019-08-15 21:48:57.366331: I tensorflow/stream_executor/platform/default/dso_loader.cc:42] Successfully opened dynamic library libcublas.so.10.0
2019-08-15 21:48:57.366331: I tensorflow/stream_executor/platform/default/dso_loader.cc:42] Successfully opened dynamic library libcublas.so.10.0
2019-08-15 21:48:57.438716: I tensorflow/stream_executor/platform/default/dso_loader.cc:42] Successfully opened dynamic library libcublas.so.10.0
2019-08-15 21:48:57.465351: I tensorflow/stream_executor/platform/default/dso_loader.cc:42] Successfully opened dynamic library libcublas.so.10.0
2019-08-15 21:48:57.465351: I tensorflow/stream_executor/platform/default/dso_loader.cc:42] Successfully opened dynamic library libcublas.so.10.0
W0815 21:49:13.575339 139650433795840 deprecation.py:323] From /home/btrabucco/anaconda3/envs/mineral/lib/python3.6/site-packages/tensorflow/python/ops/math_grad.py:1220: add_dispatch_support.<locals>.wrapper (from tensorflow.python.ops.array_ops) is deprecated and will be removed in a future version.
Instructions for updating:
Use tf.where in 2.0, which has the same broadcast rule as np.where
W0815 21:49:13.767720 139649844029184 deprecation.py:323] From /home/btrabucco/anaconda3/envs/mineral/lib/python3.6/site-packages/tensorflow/python/ops/math_grad.py:1220: add_dispatch_support.<locals>.wrapper (from tensorflow.python.ops.array_ops) is deprecated and will be removed in a future version.
Instructions for updating:
Use tf.where in 2.0, which has the same broadcast rule as np.where
W0815 21:49:13.819586 139649852421888 deprecation.py:323] From /home/btrabucco/anaconda3/envs/mineral/lib/python3.6/site-packages/tensorflow/python/ops/math_grad.py:1220: add_dispatch_support.<locals>.wrapper (from tensorflow.python.ops.array_ops) is deprecated and will be removed in a future version.
Instructions for updating:
Use tf.where in 2.0, which has the same broadcast rule as np.where
W0815 21:49:13.987510 139649844029184 deprecation.py:323] From /home/btrabucco/anaconda3/envs/mineral/lib/python3.6/site-packages/tensorflow/python/ops/math_grad.py:1220: add_dispatch_support.<locals>.wrapper (from tensorflow.python.ops.array_ops) is deprecated and will be removed in a future version.
Instructions for updating:
Use tf.where in 2.0, which has the same broadcast rule as np.where
W0815 21:49:14.038729 139649534981888 deprecation.py:323] From /home/btrabucco/anaconda3/envs/mineral/lib/python3.6/site-packages/tensorflow/python/ops/math_grad.py:1220: add_dispatch_support.<locals>.wrapper (from tensorflow.python.ops.array_ops) is deprecated and will be removed in a future version.
Instructions for updating:
Use tf.where in 2.0, which has the same broadcast rule as np.where
2019-08-15 21:59:37.857618: I tensorflow/stream_executor/platform/default/dso_loader.cc:42] Successfully opened dynamic library libcuda.so.1
2019-08-15 21:59:37.866756: I tensorflow/stream_executor/platform/default/dso_loader.cc:42] Successfully opened dynamic library libcuda.so.1
2019-08-15 21:59:37.874661: I tensorflow/stream_executor/platform/default/dso_loader.cc:42] Successfully opened dynamic library libcuda.so.1
2019-08-15 21:59:37.882587: I tensorflow/core/common_runtime/gpu/gpu_device.cc:1640] Found device 0 with properties: 
name: TITAN X (Pascal) major: 6 minor: 1 memoryClockRate(GHz): 1.531
pciBusID: 0000:41:00.0
2019-08-15 21:59:37.884499: I tensorflow/stream_executor/platform/default/dso_loader.cc:42] Successfully opened dynamic library libcuda.so.1
2019-08-15 21:59:37.885779: I tensorflow/stream_executor/platform/default/dso_loader.cc:42] Successfully opened dynamic library libcudart.so.10.0
2019-08-15 21:59:37.889802: I tensorflow/stream_executor/platform/default/dso_loader.cc:42] Successfully opened dynamic library libcuda.so.1
2019-08-15 21:59:37.890069: I tensorflow/core/common_runtime/gpu/gpu_device.cc:1640] Found device 0 with properties: 
name: TITAN X (Pascal) major: 6 minor: 1 memoryClockRate(GHz): 1.531
pciBusID: 0000:41:00.0
2019-08-15 21:59:37.890458: I tensorflow/core/common_runtime/gpu/gpu_device.cc:1640] Found device 0 with properties: 
name: TITAN X (Pascal) major: 6 minor: 1 memoryClockRate(GHz): 1.531
pciBusID: 0000:41:00.0
2019-08-15 21:59:37.891945: I tensorflow/stream_executor/platform/default/dso_loader.cc:42] Successfully opened dynamic library libcublas.so.10.0
2019-08-15 21:59:37.893589: I tensorflow/stream_executor/platform/default/dso_loader.cc:42] Successfully opened dynamic library libcudart.so.10.0
2019-08-15 21:59:37.893869: I tensorflow/stream_executor/platform/default/dso_loader.cc:42] Successfully opened dynamic library libcudart.so.10.0
2019-08-15 21:59:37.894711: I tensorflow/core/common_runtime/gpu/gpu_device.cc:1640] Found device 0 with properties: 
name: TITAN X (Pascal) major: 6 minor: 1 memoryClockRate(GHz): 1.531
pciBusID: 0000:41:00.0
2019-08-15 21:59:37.896635: I tensorflow/stream_executor/platform/default/dso_loader.cc:42] Successfully opened dynamic library libcufft.so.10.0
2019-08-15 21:59:37.897917: I tensorflow/core/common_runtime/gpu/gpu_device.cc:1640] Found device 0 with properties: 
name: TITAN X (Pascal) major: 6 minor: 1 memoryClockRate(GHz): 1.531
pciBusID: 0000:41:00.0
2019-08-15 21:59:37.898160: I tensorflow/stream_executor/platform/default/dso_loader.cc:42] Successfully opened dynamic library libcudart.so.10.0
2019-08-15 21:59:37.899167: I tensorflow/stream_executor/platform/default/dso_loader.cc:42] Successfully opened dynamic library libcublas.so.10.0
2019-08-15 21:59:37.899819: I tensorflow/stream_executor/platform/default/dso_loader.cc:42] Successfully opened dynamic library libcurand.so.10.0
2019-08-15 21:59:37.901149: I tensorflow/stream_executor/platform/default/dso_loader.cc:42] Successfully opened dynamic library libcudart.so.10.0
2019-08-15 21:59:37.901899: I tensorflow/stream_executor/platform/default/dso_loader.cc:42] Successfully opened dynamic library libcublas.so.10.0
2019-08-15 21:59:37.904318: I tensorflow/stream_executor/platform/default/dso_loader.cc:42] Successfully opened dynamic library libcufft.so.10.0
2019-08-15 21:59:37.906115: I tensorflow/stream_executor/platform/default/dso_loader.cc:42] Successfully opened dynamic library libcusolver.so.10.0
2019-08-15 21:59:37.906434: I tensorflow/stream_executor/platform/default/dso_loader.cc:42] Successfully opened dynamic library libcublas.so.10.0
2019-08-15 21:59:37.906898: I tensorflow/stream_executor/platform/default/dso_loader.cc:42] Successfully opened dynamic library libcublas.so.10.0
2019-08-15 21:59:37.907731: I tensorflow/stream_executor/platform/default/dso_loader.cc:42] Successfully opened dynamic library libcurand.so.10.0
2019-08-15 21:59:37.908207: I tensorflow/stream_executor/platform/default/dso_loader.cc:42] Successfully opened dynamic library libcufft.so.10.0
2019-08-15 21:59:37.910805: I tensorflow/stream_executor/platform/default/dso_loader.cc:42] Successfully opened dynamic library libcusparse.so.10.0
2019-08-15 21:59:37.911234: I tensorflow/stream_executor/platform/default/dso_loader.cc:42] Successfully opened dynamic library libcufft.so.10.0
2019-08-15 21:59:37.911618: I tensorflow/stream_executor/platform/default/dso_loader.cc:42] Successfully opened dynamic library libcurand.so.10.0
2019-08-15 21:59:37.912101: I tensorflow/stream_executor/platform/default/dso_loader.cc:42] Successfully opened dynamic library libcufft.so.10.0
2019-08-15 21:59:37.913212: I tensorflow/stream_executor/platform/default/dso_loader.cc:42] Successfully opened dynamic library libcusolver.so.10.0
2019-08-15 21:59:37.913825: I tensorflow/stream_executor/platform/default/dso_loader.cc:42] Successfully opened dynamic library libcurand.so.10.0
2019-08-15 21:59:37.915585: I tensorflow/stream_executor/platform/default/dso_loader.cc:42] Successfully opened dynamic library libcurand.so.10.0
2019-08-15 21:59:37.918507: I tensorflow/stream_executor/platform/default/dso_loader.cc:42] Successfully opened dynamic library libcusparse.so.10.0
2019-08-15 21:59:37.918667: I tensorflow/stream_executor/platform/default/dso_loader.cc:42] Successfully opened dynamic library libcudnn.so.7
2019-08-15 21:59:37.919059: I tensorflow/stream_executor/platform/default/dso_loader.cc:42] Successfully opened dynamic library libcusolver.so.10.0
2019-08-15 21:59:37.919859: I tensorflow/stream_executor/platform/default/dso_loader.cc:42] Successfully opened dynamic library libcusolver.so.10.0
2019-08-15 21:59:37.920260: I tensorflow/core/common_runtime/gpu/gpu_device.cc:1763] Adding visible gpu devices: 0
2019-08-15 21:59:37.921340: I tensorflow/stream_executor/platform/default/dso_loader.cc:42] Successfully opened dynamic library libcusolver.so.10.0
2019-08-15 21:59:37.923788: I tensorflow/stream_executor/platform/default/dso_loader.cc:42] Successfully opened dynamic library libcusparse.so.10.0
2019-08-15 21:59:37.926559: I tensorflow/stream_executor/platform/default/dso_loader.cc:42] Successfully opened dynamic library libcusparse.so.10.0
2019-08-15 21:59:37.926546: I tensorflow/stream_executor/platform/default/dso_loader.cc:42] Successfully opened dynamic library libcusparse.so.10.0
2019-08-15 21:59:37.927748: I tensorflow/stream_executor/platform/default/dso_loader.cc:42] Successfully opened dynamic library libcudnn.so.7
2019-08-15 21:59:37.929757: I tensorflow/core/common_runtime/gpu/gpu_device.cc:1763] Adding visible gpu devices: 0
2019-08-15 21:59:37.931916: I tensorflow/stream_executor/platform/default/dso_loader.cc:42] Successfully opened dynamic library libcudnn.so.7
2019-08-15 21:59:37.933555: I tensorflow/core/common_runtime/gpu/gpu_device.cc:1763] Adding visible gpu devices: 0
2019-08-15 21:59:37.936630: I tensorflow/stream_executor/platform/default/dso_loader.cc:42] Successfully opened dynamic library libcudnn.so.7
2019-08-15 21:59:37.936630: I tensorflow/stream_executor/platform/default/dso_loader.cc:42] Successfully opened dynamic library libcudnn.so.7
2019-08-15 21:59:37.939086: I tensorflow/core/common_runtime/gpu/gpu_device.cc:1763] Adding visible gpu devices: 0
2019-08-15 21:59:37.939110: I tensorflow/core/common_runtime/gpu/gpu_device.cc:1763] Adding visible gpu devices: 0
2019-08-15 21:59:37.951829: I tensorflow/core/platform/cpu_feature_guard.cc:142] Your CPU supports instructions that this TensorFlow binary was not compiled to use: AVX2 FMA
2019-08-15 21:59:37.962092: I tensorflow/core/platform/cpu_feature_guard.cc:142] Your CPU supports instructions that this TensorFlow binary was not compiled to use: AVX2 FMA
2019-08-15 21:59:37.972877: I tensorflow/core/platform/cpu_feature_guard.cc:142] Your CPU supports instructions that this TensorFlow binary was not compiled to use: AVX2 FMA
2019-08-15 21:59:37.973603: I tensorflow/core/platform/cpu_feature_guard.cc:142] Your CPU supports instructions that this TensorFlow binary was not compiled to use: AVX2 FMA
2019-08-15 21:59:37.980550: I tensorflow/core/platform/cpu_feature_guard.cc:142] Your CPU supports instructions that this TensorFlow binary was not compiled to use: AVX2 FMA
2019-08-15 21:59:38.275557: I tensorflow/compiler/xla/service/service.cc:168] XLA service 0x7fdefc4ad6b0 executing computations on platform CUDA. Devices:
2019-08-15 21:59:38.275622: I tensorflow/compiler/xla/service/service.cc:175]   StreamExecutor device (0): TITAN X (Pascal), Compute Capability 6.1
2019-08-15 21:59:38.304316: I tensorflow/core/platform/profile_utils/cpu_utils.cc:94] CPU Frequency: 3492950000 Hz
2019-08-15 21:59:38.313013: I tensorflow/compiler/xla/service/service.cc:168] XLA service 0x7fdefc5899a0 executing computations on platform Host. Devices:
2019-08-15 21:59:38.313098: I tensorflow/compiler/xla/service/service.cc:175]   StreamExecutor device (0): <undefined>, <undefined>
2019-08-15 21:59:38.317358: I tensorflow/core/common_runtime/gpu/gpu_device.cc:1640] Found device 0 with properties: 
name: TITAN X (Pascal) major: 6 minor: 1 memoryClockRate(GHz): 1.531
pciBusID: 0000:41:00.0
2019-08-15 21:59:38.317645: I tensorflow/stream_executor/platform/default/dso_loader.cc:42] Successfully opened dynamic library libcudart.so.10.0
2019-08-15 21:59:38.317686: I tensorflow/stream_executor/platform/default/dso_loader.cc:42] Successfully opened dynamic library libcublas.so.10.0
2019-08-15 21:59:38.317708: I tensorflow/stream_executor/platform/default/dso_loader.cc:42] Successfully opened dynamic library libcufft.so.10.0
2019-08-15 21:59:38.317726: I tensorflow/stream_executor/platform/default/dso_loader.cc:42] Successfully opened dynamic library libcurand.so.10.0
2019-08-15 21:59:38.317746: I tensorflow/stream_executor/platform/default/dso_loader.cc:42] Successfully opened dynamic library libcusolver.so.10.0
2019-08-15 21:59:38.317770: I tensorflow/stream_executor/platform/default/dso_loader.cc:42] Successfully opened dynamic library libcusparse.so.10.0
2019-08-15 21:59:38.317796: I tensorflow/stream_executor/platform/default/dso_loader.cc:42] Successfully opened dynamic library libcudnn.so.7
2019-08-15 21:59:38.321100: I tensorflow/core/common_runtime/gpu/gpu_device.cc:1763] Adding visible gpu devices: 0
2019-08-15 21:59:38.321299: I tensorflow/stream_executor/platform/default/dso_loader.cc:42] Successfully opened dynamic library libcudart.so.10.0
2019-08-15 21:59:38.323105: I tensorflow/core/common_runtime/gpu/gpu_device.cc:1181] Device interconnect StreamExecutor with strength 1 edge matrix:
2019-08-15 21:59:38.323279: I tensorflow/core/common_runtime/gpu/gpu_device.cc:1187]      0 
2019-08-15 21:59:38.323307: I tensorflow/core/common_runtime/gpu/gpu_device.cc:1200] 0:   N 
2019-08-15 21:59:38.325766: I tensorflow/compiler/xla/service/service.cc:168] XLA service 0x7fdefc4ad810 executing computations on platform CUDA. Devices:
2019-08-15 21:59:38.325855: I tensorflow/compiler/xla/service/service.cc:175]   StreamExecutor device (0): TITAN X (Pascal), Compute Capability 6.1
2019-08-15 21:59:38.326981: I tensorflow/core/common_runtime/gpu/gpu_device.cc:1326] Created TensorFlow device (/job:localhost/replica:0/task:0/device:GPU:0 with 8580 MB memory) -> physical GPU (device: 0, name: TITAN X (Pascal), pci bus id: 0000:41:00.0, compute capability: 6.1)
2019-08-15 21:59:38.330104: I tensorflow/core/platform/profile_utils/cpu_utils.cc:94] CPU Frequency: 3492950000 Hz
2019-08-15 21:59:38.331627: I tensorflow/compiler/xla/service/service.cc:168] XLA service 0x7fdefc589b10 executing computations on platform Host. Devices:
2019-08-15 21:59:38.331702: I tensorflow/compiler/xla/service/service.cc:175]   StreamExecutor device (0): <undefined>, <undefined>
2019-08-15 21:59:38.333120: I tensorflow/core/common_runtime/gpu/gpu_device.cc:1640] Found device 0 with properties: 
name: TITAN X (Pascal) major: 6 minor: 1 memoryClockRate(GHz): 1.531
pciBusID: 0000:41:00.0
2019-08-15 21:59:38.333240: I tensorflow/stream_executor/platform/default/dso_loader.cc:42] Successfully opened dynamic library libcudart.so.10.0
2019-08-15 21:59:38.333279: I tensorflow/stream_executor/platform/default/dso_loader.cc:42] Successfully opened dynamic library libcublas.so.10.0
2019-08-15 21:59:38.333311: I tensorflow/stream_executor/platform/default/dso_loader.cc:42] Successfully opened dynamic library libcufft.so.10.0
2019-08-15 21:59:38.333342: I tensorflow/stream_executor/platform/default/dso_loader.cc:42] Successfully opened dynamic library libcurand.so.10.0
2019-08-15 21:59:38.333369: I tensorflow/stream_executor/platform/default/dso_loader.cc:42] Successfully opened dynamic library libcusolver.so.10.0
2019-08-15 21:59:38.333387: I tensorflow/stream_executor/platform/default/dso_loader.cc:42] Successfully opened dynamic library libcusparse.so.10.0
2019-08-15 21:59:38.333406: I tensorflow/stream_executor/platform/default/dso_loader.cc:42] Successfully opened dynamic library libcudnn.so.7
2019-08-15 21:59:38.335327: I tensorflow/core/common_runtime/gpu/gpu_device.cc:1763] Adding visible gpu devices: 0
2019-08-15 21:59:38.335427: I tensorflow/stream_executor/platform/default/dso_loader.cc:42] Successfully opened dynamic library libcudart.so.10.0
2019-08-15 21:59:38.337176: I tensorflow/compiler/xla/service/service.cc:168] XLA service 0x7fdefc4ad390 executing computations on platform CUDA. Devices:
2019-08-15 21:59:38.337282: I tensorflow/compiler/xla/service/service.cc:175]   StreamExecutor device (0): TITAN X (Pascal), Compute Capability 6.1
2019-08-15 21:59:38.337416: I tensorflow/core/common_runtime/gpu/gpu_device.cc:1181] Device interconnect StreamExecutor with strength 1 edge matrix:
2019-08-15 21:59:38.337451: I tensorflow/core/common_runtime/gpu/gpu_device.cc:1187]      0 
2019-08-15 21:59:38.337463: I tensorflow/core/common_runtime/gpu/gpu_device.cc:1200] 0:   N 
2019-08-15 21:59:38.339497: I tensorflow/core/common_runtime/gpu/gpu_device.cc:1326] Created TensorFlow device (/job:localhost/replica:0/task:0/device:GPU:0 with 8470 MB memory) -> physical GPU (device: 0, name: TITAN X (Pascal), pci bus id: 0000:41:00.0, compute capability: 6.1)
2019-08-15 21:59:38.343325: I tensorflow/core/platform/profile_utils/cpu_utils.cc:94] CPU Frequency: 3492950000 Hz
2019-08-15 21:59:38.344938: I tensorflow/compiler/xla/service/service.cc:168] XLA service 0x7fdefc5895e0 executing computations on platform Host. Devices:
2019-08-15 21:59:38.344990: I tensorflow/compiler/xla/service/service.cc:175]   StreamExecutor device (0): <undefined>, <undefined>
2019-08-15 21:59:38.346355: I tensorflow/core/common_runtime/gpu/gpu_device.cc:1640] Found device 0 with properties: 
name: TITAN X (Pascal) major: 6 minor: 1 memoryClockRate(GHz): 1.531
pciBusID: 0000:41:00.0
2019-08-15 21:59:38.346461: I tensorflow/stream_executor/platform/default/dso_loader.cc:42] Successfully opened dynamic library libcudart.so.10.0
2019-08-15 21:59:38.346472: I tensorflow/stream_executor/platform/default/dso_loader.cc:42] Successfully opened dynamic library libcublas.so.10.0
2019-08-15 21:59:38.346483: I tensorflow/stream_executor/platform/default/dso_loader.cc:42] Successfully opened dynamic library libcufft.so.10.0
2019-08-15 21:59:38.346497: I tensorflow/stream_executor/platform/default/dso_loader.cc:42] Successfully opened dynamic library libcurand.so.10.0
2019-08-15 21:59:38.346509: I tensorflow/stream_executor/platform/default/dso_loader.cc:42] Successfully opened dynamic library libcusolver.so.10.0
2019-08-15 21:59:38.346521: I tensorflow/stream_executor/platform/default/dso_loader.cc:42] Successfully opened dynamic library libcusparse.so.10.0
2019-08-15 21:59:38.346533: I tensorflow/stream_executor/platform/default/dso_loader.cc:42] Successfully opened dynamic library libcudnn.so.7
2019-08-15 21:59:38.347755: I tensorflow/compiler/xla/service/service.cc:168] XLA service 0x7fdefc4ad880 executing computations on platform CUDA. Devices:
2019-08-15 21:59:38.347766: I tensorflow/compiler/xla/service/service.cc:168] XLA service 0x7fdefc4ad340 executing computations on platform CUDA. Devices:
2019-08-15 21:59:38.347803: I tensorflow/compiler/xla/service/service.cc:175]   StreamExecutor device (0): TITAN X (Pascal), Compute Capability 6.1
2019-08-15 21:59:38.347801: I tensorflow/compiler/xla/service/service.cc:175]   StreamExecutor device (0): TITAN X (Pascal), Compute Capability 6.1
2019-08-15 21:59:38.348729: I tensorflow/core/common_runtime/gpu/gpu_device.cc:1763] Adding visible gpu devices: 0
2019-08-15 21:59:38.348843: I tensorflow/stream_executor/platform/default/dso_loader.cc:42] Successfully opened dynamic library libcudart.so.10.0
2019-08-15 21:59:38.350171: I tensorflow/core/common_runtime/gpu/gpu_device.cc:1181] Device interconnect StreamExecutor with strength 1 edge matrix:
2019-08-15 21:59:38.350194: I tensorflow/core/common_runtime/gpu/gpu_device.cc:1187]      0 
2019-08-15 21:59:38.350203: I tensorflow/core/common_runtime/gpu/gpu_device.cc:1200] 0:   N 
2019-08-15 21:59:38.351124: I tensorflow/core/platform/profile_utils/cpu_utils.cc:94] CPU Frequency: 3492950000 Hz
2019-08-15 21:59:38.351713: I tensorflow/core/common_runtime/gpu/gpu_device.cc:1326] Created TensorFlow device (/job:localhost/replica:0/task:0/device:GPU:0 with 8250 MB memory) -> physical GPU (device: 0, name: TITAN X (Pascal), pci bus id: 0000:41:00.0, compute capability: 6.1)
2019-08-15 21:59:38.352508: I tensorflow/core/platform/profile_utils/cpu_utils.cc:94] CPU Frequency: 3492950000 Hz
2019-08-15 21:59:38.352634: I tensorflow/compiler/xla/service/service.cc:168] XLA service 0x7fdefc5896e0 executing computations on platform Host. Devices:
2019-08-15 21:59:38.352661: I tensorflow/compiler/xla/service/service.cc:175]   StreamExecutor device (0): <undefined>, <undefined>
2019-08-15 21:59:38.353988: I tensorflow/core/common_runtime/gpu/gpu_device.cc:1640] Found device 0 with properties: 
name: TITAN X (Pascal) major: 6 minor: 1 memoryClockRate(GHz): 1.531
pciBusID: 0000:41:00.0
2019-08-15 21:59:38.354178: I tensorflow/stream_executor/platform/default/dso_loader.cc:42] Successfully opened dynamic library libcudart.so.10.0
2019-08-15 21:59:38.354230: I tensorflow/stream_executor/platform/default/dso_loader.cc:42] Successfully opened dynamic library libcublas.so.10.0
2019-08-15 21:59:38.354253: I tensorflow/stream_executor/platform/default/dso_loader.cc:42] Successfully opened dynamic library libcufft.so.10.0
2019-08-15 21:59:38.354273: I tensorflow/stream_executor/platform/default/dso_loader.cc:42] Successfully opened dynamic library libcurand.so.10.0
2019-08-15 21:59:38.354263: I tensorflow/compiler/xla/service/service.cc:168] XLA service 0x7fdefc589c20 executing computations on platform Host. Devices:
2019-08-15 21:59:38.354299: I tensorflow/stream_executor/platform/default/dso_loader.cc:42] Successfully opened dynamic library libcusolver.so.10.0
2019-08-15 21:59:38.354313: I tensorflow/compiler/xla/service/service.cc:175]   StreamExecutor device (0): <undefined>, <undefined>
2019-08-15 21:59:38.354330: I tensorflow/stream_executor/platform/default/dso_loader.cc:42] Successfully opened dynamic library libcusparse.so.10.0
2019-08-15 21:59:38.354361: I tensorflow/stream_executor/platform/default/dso_loader.cc:42] Successfully opened dynamic library libcudnn.so.7
2019-08-15 21:59:38.356572: I tensorflow/core/common_runtime/gpu/gpu_device.cc:1640] Found device 0 with properties: 
name: TITAN X (Pascal) major: 6 minor: 1 memoryClockRate(GHz): 1.531
pciBusID: 0000:41:00.0
2019-08-15 21:59:38.356754: I tensorflow/stream_executor/platform/default/dso_loader.cc:42] Successfully opened dynamic library libcudart.so.10.0
2019-08-15 21:59:38.356809: I tensorflow/stream_executor/platform/default/dso_loader.cc:42] Successfully opened dynamic library libcublas.so.10.0
2019-08-15 21:59:38.356858: I tensorflow/stream_executor/platform/default/dso_loader.cc:42] Successfully opened dynamic library libcufft.so.10.0
2019-08-15 21:59:38.356927: I tensorflow/stream_executor/platform/default/dso_loader.cc:42] Successfully opened dynamic library libcurand.so.10.0
2019-08-15 21:59:38.356972: I tensorflow/stream_executor/platform/default/dso_loader.cc:42] Successfully opened dynamic library libcusolver.so.10.0
2019-08-15 21:59:38.357013: I tensorflow/stream_executor/platform/default/dso_loader.cc:42] Successfully opened dynamic library libcusparse.so.10.0
2019-08-15 21:59:38.357055: I tensorflow/stream_executor/platform/default/dso_loader.cc:42] Successfully opened dynamic library libcudnn.so.7
2019-08-15 21:59:38.358053: I tensorflow/core/common_runtime/gpu/gpu_device.cc:1763] Adding visible gpu devices: 0
2019-08-15 21:59:38.358156: I tensorflow/stream_executor/platform/default/dso_loader.cc:42] Successfully opened dynamic library libcudart.so.10.0
2019-08-15 21:59:38.360650: I tensorflow/core/common_runtime/gpu/gpu_device.cc:1763] Adding visible gpu devices: 0
2019-08-15 21:59:38.360736: I tensorflow/stream_executor/platform/default/dso_loader.cc:42] Successfully opened dynamic library libcudart.so.10.0
2019-08-15 21:59:38.360874: I tensorflow/core/common_runtime/gpu/gpu_device.cc:1181] Device interconnect StreamExecutor with strength 1 edge matrix:
2019-08-15 21:59:38.360901: I tensorflow/core/common_runtime/gpu/gpu_device.cc:1187]      0 
2019-08-15 21:59:38.360914: I tensorflow/core/common_runtime/gpu/gpu_device.cc:1200] 0:   N 
2019-08-15 21:59:38.363499: I tensorflow/core/common_runtime/gpu/gpu_device.cc:1181] Device interconnect StreamExecutor with strength 1 edge matrix:
2019-08-15 21:59:38.363526: I tensorflow/core/common_runtime/gpu/gpu_device.cc:1187]      0 
2019-08-15 21:59:38.363534: I tensorflow/core/common_runtime/gpu/gpu_device.cc:1200] 0:   N 
2019-08-15 21:59:38.365375: I tensorflow/core/common_runtime/gpu/gpu_device.cc:1326] Created TensorFlow device (/job:localhost/replica:0/task:0/device:GPU:0 with 8248 MB memory) -> physical GPU (device: 0, name: TITAN X (Pascal), pci bus id: 0000:41:00.0, compute capability: 6.1)
2019-08-15 21:59:38.366312: I tensorflow/core/common_runtime/gpu/gpu_device.cc:1326] Created TensorFlow device (/job:localhost/replica:0/task:0/device:GPU:0 with 8248 MB memory) -> physical GPU (device: 0, name: TITAN X (Pascal), pci bus id: 0000:41:00.0, compute capability: 6.1)
2019-08-15 21:59:38.978423: I tensorflow/stream_executor/platform/default/dso_loader.cc:42] Successfully opened dynamic library libcublas.so.10.0
2019-08-15 21:59:39.117580: I tensorflow/stream_executor/platform/default/dso_loader.cc:42] Successfully opened dynamic library libcublas.so.10.0
2019-08-15 21:59:39.127665: I tensorflow/stream_executor/platform/default/dso_loader.cc:42] Successfully opened dynamic library libcublas.so.10.0
2019-08-15 21:59:39.214404: I tensorflow/stream_executor/platform/default/dso_loader.cc:42] Successfully opened dynamic library libcublas.so.10.0
2019-08-15 21:59:39.220531: I tensorflow/stream_executor/platform/default/dso_loader.cc:42] Successfully opened dynamic library libcublas.so.10.0
W0815 22:00:01.855972 140585551312640 deprecation.py:323] From /home/btrabucco/anaconda3/envs/mineral/lib/python3.6/site-packages/tensorflow/python/ops/math_grad.py:1220: add_dispatch_support.<locals>.wrapper (from tensorflow.python.ops.array_ops) is deprecated and will be removed in a future version.
Instructions for updating:
Use tf.where in 2.0, which has the same broadcast rule as np.where
W0815 22:00:02.330615 140586637948672 deprecation.py:323] From /home/btrabucco/anaconda3/envs/mineral/lib/python3.6/site-packages/tensorflow/python/ops/math_grad.py:1220: add_dispatch_support.<locals>.wrapper (from tensorflow.python.ops.array_ops) is deprecated and will be removed in a future version.
Instructions for updating:
Use tf.where in 2.0, which has the same broadcast rule as np.where
W0815 22:00:02.355603 140585368090368 deprecation.py:323] From /home/btrabucco/anaconda3/envs/mineral/lib/python3.6/site-packages/tensorflow/python/ops/math_grad.py:1220: add_dispatch_support.<locals>.wrapper (from tensorflow.python.ops.array_ops) is deprecated and will be removed in a future version.
Instructions for updating:
Use tf.where in 2.0, which has the same broadcast rule as np.where
W0815 22:00:02.372297 140586493409024 deprecation.py:323] From /home/btrabucco/anaconda3/envs/mineral/lib/python3.6/site-packages/tensorflow/python/ops/math_grad.py:1220: add_dispatch_support.<locals>.wrapper (from tensorflow.python.ops.array_ops) is deprecated and will be removed in a future version.
Instructions for updating:
Use tf.where in 2.0, which has the same broadcast rule as np.where
W0815 22:00:02.542862 140585551312640 deprecation.py:323] From /home/btrabucco/anaconda3/envs/mineral/lib/python3.6/site-packages/tensorflow/python/ops/math_grad.py:1220: add_dispatch_support.<locals>.wrapper (from tensorflow.python.ops.array_ops) is deprecated and will be removed in a future version.
Instructions for updating:
Use tf.where in 2.0, which has the same broadcast rule as np.where
